

Microchip MPLAB XC8 Assembler V2.05 build -831301201 
                                                                                               Fri Apr 19 17:18:24 2019

Microchip MPLAB XC8 C Compiler v2.05 (Free license) build 20181220022703 Og1 
     1                           	processor	18F25K22
     2                           	fnconf	rparam,??,?,0
     3                           	opt	pw 120
     4                           	opt	flic
     5                           	psect	cinit,global,reloc=2,class=CODE,delta=1
     6                           	psect	cstackCOMRAM,global,class=COMRAM,space=1,delta=1,noexec
     7                           	psect	text0,global,reloc=2,class=CODE,delta=1
     8                           	psect	text1,global,reloc=2,class=CODE,delta=1
     9                           	psect	text2,global,reloc=2,class=CODE,delta=1
    10                           	psect	text3,global,reloc=2,class=CODE,delta=1
    11                           	psect	intcode,global,reloc=2,class=CODE,delta=1
    12                           	psect	text5,global,reloc=2,class=CODE,delta=1
    13                           	psect	text6,global,reloc=2,class=CODE,delta=1
    14                           	psect	intsave_regs,global,class=BIGRAM,space=1,delta=1,noexec
    15                           	psect	rparam,global,class=COMRAM,space=1,delta=1,noexec
    16                           	psect	temp,global,ovrld,common,class=COMRAM,space=1,delta=1
    17  0000                     
    18                           ; Version 2.05
    19                           ; Generated 20/12/2018 GMT
    20                           ; 
    21                           ; Copyright © 2018, Microchip Technology Inc. and its subsidiaries ("Microchip")
    22                           ; All rights reserved.
    23                           ; 
    24                           ; This software is developed by Microchip Technology Inc. and its subsidiaries ("Microch
      +                          ip").
    25                           ; 
    26                           ; Redistribution and use in source and binary forms, with or without modification, are
    27                           ; permitted provided that the following conditions are met:
    28                           ; 
    29                           ;     1. Redistributions of source code must retain the above copyright notice, this lis
      +                          t of
    30                           ;        conditions and the following disclaimer.
    31                           ; 
    32                           ;     2. Redistributions in binary form must reproduce the above copyright notice, this 
      +                          list
    33                           ;        of conditions and the following disclaimer in the documentation and/or other
    34                           ;        materials provided with the distribution.
    35                           ; 
    36                           ;     3. Microchip's name may not be used to endorse or promote products derived from th
      +                          is
    37                           ;        software without specific prior written permission.
    38                           ; 
    39                           ; THIS SOFTWARE IS PROVIDED BY MICROCHIP "AS IS" AND ANY EXPRESS OR IMPLIED WARRANTIES,
    40                           ; INCLUDING, BUT NOT LIMITED TO, THE IMPLIED WARRANTIES OF MERCHANTABILITY AND FITNESS F
      +                          OR
    41                           ; PURPOSE ARE DISCLAIMED.  IN NO EVENT SHALL MICROCHIP BE LIABLE FOR ANY DIRECT, INDIREC
      +                          T,
    42                           ; INCIDENTAL, SPECIAL, EXEMPLARY, OR CONSEQUENTIAL DAMAGES (INCLUDING BUT NOT LIMITED TO
    43                           ; PROCUREMENT OF SUBSTITUTE GOODS OR SERVICES; LOSS OF USE, DATA OR PROFITS; OR BUSINESS
    44                           ; INTERRUPTION) HOWSOEVER CAUSED AND ON ANY THEORY OF LIABILITY, WHETHER IN CONTRACT, ST
      +                          RICT
    45                           ; LIABILITY, OR TORT (INCLUDING NEGLIGENCE OR OTHERWISE) ARISING IN ANY WAY OUT OF THE U
      +                          SE OF
    46                           ; THIS SOFTWARE, EVEN IF ADVISED OF THE POSSIBILITY OF SUCH DAMAGE.
    47                           ; 
    48                           ; 
    49                           ; Code-generator required, PIC18F25K22 Definitions
    50                           ; 
    51                           ; SFR Addresses
    52  0000                     _ANSELC	set	3898
    53  0000                     _PMD1	set	3902
    54  0000                     _ANSELA	set	3896
    55  0000                     _SSP1BUF	set	4041
    56  0000                     _PIE1bits	set	3997
    57  0000                     _PIR1bits	set	3998
    58  0000                     _SSP1CON2	set	4037
    59  0000                     _SSP1CON1	set	4038
    60  0000                     _SSP1MSK	set	4042
    61  0000                     _SSP1ADD	set	4040
    62  0000                     _SSP1STAT	set	4039
    63  0000                     _TRISC	set	3988
    64  0000                     _LATC	set	3979
    65  0000                     _PORTC	set	3970
    66  0000                     _SSP1CON3	set	4043
    67  0000                     _IPR1	set	3999
    68  0000                     _PIE1	set	3997
    69  0000                     _INTCON	set	4082
    70  0000                     _RCON	set	4048
    71  0000                     _PIR1	set	3998
    72  0000                     _LATA	set	3977
    73  0000                     _TRISA	set	3986
    74  0000                     _PORTA	set	3968
    75                           
    76                           ; #config settings
    77  0000                     
    78                           	psect	cinit
    79  0000A0                     __pcinit:
    80                           	opt callstack 0
    81  0000A0                     start_initialization:
    82                           	opt callstack 0
    83  0000A0                     __initialization:
    84                           	opt callstack 0
    85  0000A0                     end_of_initialization:
    86                           	opt callstack 0
    87  0000A0                     __end_of__initialization:
    88                           	opt callstack 0
    89  0000A0  9003               	bcf	int$flags,0,c	;clear compiler interrupt flag (level 1)
    90  0000A2  9203               	bcf	int$flags,1,c	;clear compiler interrupt flag (level 2)
    91  0000A4  0100               	movlb	0
    92  0000A6  EF27  F000         	goto	_main	;jump to C main() function
    93                           
    94                           	psect	cstackCOMRAM
    95  000001                     __pcstackCOMRAM:
    96                           	opt callstack 0
    97  000001                     ??_I2C_Slave_Interrupt:
    98  000001                     
    99                           ; 1 bytes @ 0x0
   100  000001                     	ds	1
   101  000002                     ??_main:
   102  000002                     
   103                           ; 1 bytes @ 0x1
   104  000002                     	ds	1
   105                           
   106 ;;
   107 ;;Main: autosize = 0, tempsize = 1, incstack = 0, save=0
   108 ;;
   109 ;; *************** function _main *****************
   110 ;; Defined at:
   111 ;;		line 15 in file "main.c"
   112 ;; Parameters:    Size  Location     Type
   113 ;;		None
   114 ;; Auto vars:     Size  Location     Type
   115 ;;  data            1    0        unsigned char 
   116 ;; Return value:  Size  Location     Type
   117 ;;                  1    wreg      void 
   118 ;; Registers used:
   119 ;;		wreg, status,2, status,0, cstack
   120 ;; Tracked objects:
   121 ;;		On entry : 0/0
   122 ;;		On exit  : 0/0
   123 ;;		Unchanged: 0/0
   124 ;; Data sizes:     COMRAM   BANK0   BANK1   BANK2   BANK3   BANK4   BANK5
   125 ;;      Params:         0       0       0       0       0       0       0
   126 ;;      Locals:         1       0       0       0       0       0       0
   127 ;;      Temps:          1       0       0       0       0       0       0
   128 ;;      Totals:         2       0       0       0       0       0       0
   129 ;;Total ram usage:        2 bytes
   130 ;; Hardware stack levels required when called:    5
   131 ;; This function calls:
   132 ;;		_I2C_Slave_Initialize
   133 ;; This function is called by:
   134 ;;		Startup code after reset
   135 ;; This function uses a non-reentrant model
   136 ;;
   137                           
   138                           	psect	text0
   139  00004E                     __ptext0:
   140                           	opt callstack 0
   141  00004E                     _main:
   142                           	opt callstack 26
   143                           
   144                           ;main.c: 18:     PORTA = 0x00;
   145                           
   146                           ;incstack = 0
   147  00004E  0E00               	movlw	0
   148  000050  6E80               	movwf	3968,c	;volatile
   149                           
   150                           ;main.c: 19:     ANSELA = 0x00;
   151  000052  0E00               	movlw	0
   152  000054  010F               	movlb	15	; () banked
   153  000056  6F38               	movwf	56,b	;volatile
   154                           
   155                           ;main.c: 20:     TRISA = 0x00;
   156  000058  0E00               	movlw	0
   157  00005A  6E92               	movwf	3986,c	;volatile
   158                           
   159                           ; BSR set to: 15
   160                           ;main.c: 26:     I2C_Slave_Initialize();
   161  00005C  EC0C  F000         	call	_I2C_Slave_Initialize	;wreg free
   162                           
   163                           ;main.c: 29:     LATA = 0x00;
   164  000060  0E00               	movlw	0
   165  000062  6E89               	movwf	3977,c	;volatile
   166  000064                     l855:
   167                           
   168                           ;main.c: 32:     {;main.c: 35:         _delay((unsigned long)((1)*(16000000/4000.0)));
   169  000064  0E06               	movlw	6
   170  000066  6E02               	movwf	??_main& (0+255),c
   171  000068  0E30               	movlw	48
   172  00006A                     u67:
   173  00006A  2EE8               	decfsz	wreg,f,c
   174  00006C  D7FE               	bra	u67
   175  00006E  2E02               	decfsz	??_main& (0+255),f,c
   176  000070  D7FC               	bra	u67
   177  000072  D000               	nop2	
   178  000074  D7F7               	goto	l855
   179  000076                     __end_of_main:
   180                           	opt callstack 0
   181                           
   182 ;; *************** function _I2C_Slave_Initialize *****************
   183 ;; Defined at:
   184 ;;		line 19 in file "i2c_slave.c"
   185 ;; Parameters:    Size  Location     Type
   186 ;;		None
   187 ;; Auto vars:     Size  Location     Type
   188 ;;		None
   189 ;; Return value:  Size  Location     Type
   190 ;;                  1    wreg      void 
   191 ;; Registers used:
   192 ;;		wreg, status,2, status,0, cstack
   193 ;; Tracked objects:
   194 ;;		On entry : 0/0
   195 ;;		On exit  : 0/0
   196 ;;		Unchanged: 0/0
   197 ;; Data sizes:     COMRAM   BANK0   BANK1   BANK2   BANK3   BANK4   BANK5
   198 ;;      Params:         0       0       0       0       0       0       0
   199 ;;      Locals:         0       0       0       0       0       0       0
   200 ;;      Temps:          0       0       0       0       0       0       0
   201 ;;      Totals:         0       0       0       0       0       0       0
   202 ;;Total ram usage:        0 bytes
   203 ;; Hardware stack levels used:    1
   204 ;; Hardware stack levels required when called:    4
   205 ;; This function calls:
   206 ;;		_I2C_Slave_Clear_Interrupt
   207 ;;		_I2C_Slave_Interrupt_Enable
   208 ;; This function is called by:
   209 ;;		_main
   210 ;; This function uses a non-reentrant model
   211 ;;
   212                           
   213                           	psect	text1
   214  000018                     __ptext1:
   215                           	opt callstack 0
   216  000018                     _I2C_Slave_Initialize:
   217                           	opt callstack 26
   218                           
   219                           ;i2c_slave.c: 21:     PMD1 = 0x00;
   220                           
   221                           ;incstack = 0
   222  000018  0E00               	movlw	0
   223  00001A  010F               	movlb	15	; () banked
   224  00001C  6F3E               	movwf	62,b	;volatile
   225                           
   226                           ; BSR set to: 15
   227                           ;i2c_slave.c: 25:     PORTC &= ~0x10 | 0x08;
   228  00001E  9882               	bcf	3970,4,c	;volatile
   229                           
   230                           ; BSR set to: 15
   231                           ;i2c_slave.c: 26:     LATC &= ~0x10 | 0x08;
   232  000020  988B               	bcf	3979,4,c	;volatile
   233                           
   234                           ; BSR set to: 15
   235                           ;i2c_slave.c: 27:     ANSELC &= ~0x10 | 0x08;
   236  000022  993A               	bcf	58,4,b	;volatile
   237                           
   238                           ; BSR set to: 15
   239                           ;i2c_slave.c: 28:     TRISC |= 0x10;
   240  000024  8894               	bsf	3988,4,c	;volatile
   241                           
   242                           ; BSR set to: 15
   243                           ;i2c_slave.c: 29:     TRISC |= 0x08;
   244  000026  8694               	bsf	3988,3,c	;volatile
   245                           
   246                           ; BSR set to: 15
   247                           ;i2c_slave.c: 32:     SSP1STAT = 0x00;
   248  000028  0E00               	movlw	0
   249  00002A  6EC7               	movwf	4039,c	;volatile
   250                           
   251                           ; BSR set to: 15
   252                           ;i2c_slave.c: 33:     SSP1ADD = 0x78 << 1;
   253  00002C  0EF0               	movlw	240
   254  00002E  6EC8               	movwf	4040,c	;volatile
   255                           
   256                           ; BSR set to: 15
   257                           ;i2c_slave.c: 34:     SSP1MSK = 0x7F << 1;
   258  000030  0EFE               	movlw	254
   259  000032  6ECA               	movwf	4042,c	;volatile
   260                           
   261                           ; BSR set to: 15
   262                           ;i2c_slave.c: 35:     SSP1CON1 = 0x2E;
   263  000034  0E2E               	movlw	46
   264  000036  6EC6               	movwf	4038,c	;volatile
   265                           
   266                           ; BSR set to: 15
   267                           ;i2c_slave.c: 36:     SSP1CON2 = 0x00;
   268  000038  0E00               	movlw	0
   269  00003A  6EC5               	movwf	4037,c	;volatile
   270                           
   271                           ; BSR set to: 15
   272                           ;i2c_slave.c: 37:     SSP1CON3 = 0x00;
   273  00003C  0E00               	movlw	0
   274  00003E  6ECB               	movwf	4043,c	;volatile
   275                           
   276                           ; BSR set to: 15
   277                           ;i2c_slave.c: 41:     PIR1bits.SSP1IF = 0;
   278  000040  969E               	bcf	3998,3,c	;volatile
   279                           
   280                           ; BSR set to: 15
   281                           ;i2c_slave.c: 43:     PIE1bits.SSP1IE = 1;
   282  000042  869D               	bsf	3997,3,c	;volatile
   283                           
   284                           ; BSR set to: 15
   285                           ;i2c_slave.c: 46:     I2C_Slave_Interrupt_Enable();
   286  000044  EC48  F000         	call	_I2C_Slave_Interrupt_Enable	;wreg free
   287                           
   288                           ;i2c_slave.c: 47:     I2C_Slave_Clear_Interrupt();
   289  000048  EC55  F000         	call	_I2C_Slave_Clear_Interrupt	;wreg free
   290  00004C  0012               	return		;funcret
   291  00004E                     __end_of_I2C_Slave_Initialize:
   292                           	opt callstack 0
   293                           
   294 ;; *************** function _I2C_Slave_Interrupt_Enable *****************
   295 ;; Defined at:
   296 ;;		line 5 in file "i2c_slave.c"
   297 ;; Parameters:    Size  Location     Type
   298 ;;		None
   299 ;; Auto vars:     Size  Location     Type
   300 ;;		None
   301 ;; Return value:  Size  Location     Type
   302 ;;                  1    wreg      void 
   303 ;; Registers used:
   304 ;;		wreg, status,2, status,0
   305 ;; Tracked objects:
   306 ;;		On entry : 0/0
   307 ;;		On exit  : 0/0
   308 ;;		Unchanged: 0/0
   309 ;; Data sizes:     COMRAM   BANK0   BANK1   BANK2   BANK3   BANK4   BANK5
   310 ;;      Params:         0       0       0       0       0       0       0
   311 ;;      Locals:         0       0       0       0       0       0       0
   312 ;;      Temps:          0       0       0       0       0       0       0
   313 ;;      Totals:         0       0       0       0       0       0       0
   314 ;;Total ram usage:        0 bytes
   315 ;; Hardware stack levels used:    1
   316 ;; Hardware stack levels required when called:    3
   317 ;; This function calls:
   318 ;;		Nothing
   319 ;; This function is called by:
   320 ;;		_I2C_Slave_Initialize
   321 ;; This function uses a non-reentrant model
   322 ;;
   323                           
   324                           	psect	text2
   325  000090                     __ptext2:
   326                           	opt callstack 0
   327  000090                     _I2C_Slave_Interrupt_Enable:
   328                           	opt callstack 26
   329                           
   330                           ;i2c_slave.c: 8:     RCON |= 0x80;
   331                           
   332                           ;incstack = 0
   333  000090  8ED0               	bsf	4048,7,c	;volatile
   334                           
   335                           ;i2c_slave.c: 10:     INTCON |= 0xC0;
   336  000092  0EC0               	movlw	192
   337  000094  12F2               	iorwf	4082,f,c	;volatile
   338                           
   339                           ;i2c_slave.c: 12:     PIE1 |= 0x08;
   340  000096  869D               	bsf	3997,3,c	;volatile
   341                           
   342                           ;i2c_slave.c: 14:     IPR1 |= 0x08;
   343  000098  869F               	bsf	3999,3,c	;volatile
   344                           
   345                           ;i2c_slave.c: 16:     SSP1CON3 |= 0x60;
   346  00009A  0E60               	movlw	96
   347  00009C  12CB               	iorwf	4043,f,c	;volatile
   348  00009E  0012               	return		;funcret
   349  0000A0                     __end_of_I2C_Slave_Interrupt_Enable:
   350                           	opt callstack 0
   351                           
   352 ;; *************** function _I2C_Slave_Clear_Interrupt *****************
   353 ;; Defined at:
   354 ;;		line 98 in file "i2c_slave.c"
   355 ;; Parameters:    Size  Location     Type
   356 ;;		None
   357 ;; Auto vars:     Size  Location     Type
   358 ;;		None
   359 ;; Return value:  Size  Location     Type
   360 ;;                  1    wreg      void 
   361 ;; Registers used:
   362 ;;		status,2, status,0
   363 ;; Tracked objects:
   364 ;;		On entry : 0/0
   365 ;;		On exit  : 0/0
   366 ;;		Unchanged: 0/0
   367 ;; Data sizes:     COMRAM   BANK0   BANK1   BANK2   BANK3   BANK4   BANK5
   368 ;;      Params:         0       0       0       0       0       0       0
   369 ;;      Locals:         0       0       0       0       0       0       0
   370 ;;      Temps:          0       0       0       0       0       0       0
   371 ;;      Totals:         0       0       0       0       0       0       0
   372 ;;Total ram usage:        0 bytes
   373 ;; Hardware stack levels used:    1
   374 ;; Hardware stack levels required when called:    3
   375 ;; This function calls:
   376 ;;		Nothing
   377 ;; This function is called by:
   378 ;;		_I2C_Slave_Initialize
   379 ;; This function uses a non-reentrant model
   380 ;;
   381                           
   382                           	psect	text3
   383  0000AA                     __ptext3:
   384                           	opt callstack 0
   385  0000AA                     _I2C_Slave_Clear_Interrupt:
   386                           	opt callstack 26
   387                           
   388                           ;incstack = 0
   389  0000AA  969E               	bcf	3998,3,c	;volatile
   390  0000AC  0012               	return		;funcret
   391  0000AE                     __end_of_I2C_Slave_Clear_Interrupt:
   392                           	opt callstack 0
   393                           
   394 ;; *************** function _high_interrupt *****************
   395 ;; Defined at:
   396 ;;		line 45 in file "main.c"
   397 ;; Parameters:    Size  Location     Type
   398 ;;		None
   399 ;; Auto vars:     Size  Location     Type
   400 ;;		None
   401 ;; Return value:  Size  Location     Type
   402 ;;                  1    wreg      void 
   403 ;; Registers used:
   404 ;;		wreg, status,2, status,0, cstack
   405 ;; Tracked objects:
   406 ;;		On entry : 0/0
   407 ;;		On exit  : 0/0
   408 ;;		Unchanged: 0/0
   409 ;; Data sizes:     COMRAM   BANK0   BANK1   BANK2   BANK3   BANK4   BANK5
   410 ;;      Params:         0       0       0       0       0       0       0
   411 ;;      Locals:         0       0       0       0       0       0       0
   412 ;;      Temps:          0       0       0       0       0       0       0
   413 ;;      Totals:         0       0       0       0       0       0       0
   414 ;;Total ram usage:        0 bytes
   415 ;; Hardware stack levels used:    1
   416 ;; Hardware stack levels required when called:    2
   417 ;; This function calls:
   418 ;;		_I2C_Slave_Interrupt
   419 ;; This function is called by:
   420 ;;		Interrupt level 2
   421 ;; This function uses a non-reentrant model
   422 ;;
   423                           
   424                           	psect	intcode
   425  000008                     __pintcode:
   426                           	opt callstack 0
   427  000008                     _high_interrupt:
   428                           	opt callstack 26
   429                           
   430                           ;incstack = 0
   431  000008  8203               	bsf	btemp,1,c	;set compiler interrupt flag (level 2)
   432                           
   433                           ;main.c: 48:     if (PIR1 & 0x08) { I2C_Slave_Interrupt(); return; }
   434  00000A  B69E               	btfsc	3998,3,c	;volatile
   435  00000C  EC3B  F000         	call	_I2C_Slave_Interrupt	;wreg free
   436  000010  9203               	bcf	btemp,1,c	;clear compiler interrupt flag (level 2)
   437  000012  0011               	retfie		f
   438  000014                     __end_of_high_interrupt:
   439                           	opt callstack 0
   440                           
   441 ;; *************** function _I2C_Slave_Interrupt *****************
   442 ;; Defined at:
   443 ;;		line 102 in file "i2c_slave.c"
   444 ;; Parameters:    Size  Location     Type
   445 ;;		None
   446 ;; Auto vars:     Size  Location     Type
   447 ;;		None
   448 ;; Return value:  Size  Location     Type
   449 ;;                  1    wreg      void 
   450 ;; Registers used:
   451 ;;		wreg, status,2, status,0, cstack
   452 ;; Tracked objects:
   453 ;;		On entry : 0/0
   454 ;;		On exit  : 0/0
   455 ;;		Unchanged: 0/0
   456 ;; Data sizes:     COMRAM   BANK0   BANK1   BANK2   BANK3   BANK4   BANK5
   457 ;;      Params:         0       0       0       0       0       0       0
   458 ;;      Locals:         0       0       0       0       0       0       0
   459 ;;      Temps:          1       0       0       0       0       0       0
   460 ;;      Totals:         1       0       0       0       0       0       0
   461 ;;Total ram usage:        1 bytes
   462 ;; Hardware stack levels used:    1
   463 ;; Hardware stack levels required when called:    1
   464 ;; This function calls:
   465 ;;		i2_I2C_Slave_Clear_Interrupt
   466 ;; This function is called by:
   467 ;;		_high_interrupt
   468 ;; This function uses a non-reentrant model
   469 ;;
   470                           
   471                           	psect	text5
   472  000076                     __ptext5:
   473                           	opt callstack 0
   474  000076                     _I2C_Slave_Interrupt:
   475                           	opt callstack 26
   476                           
   477                           ;i2c_slave.c: 105:     I2C_Slave_Clear_Interrupt();
   478                           
   479                           ;incstack = 0
   480  000076  EC57  F000         	call	i2_I2C_Slave_Clear_Interrupt	;wreg free
   481                           
   482                           ;i2c_slave.c: 106:     LATA = 0xFF;
   483  00007A  6889               	setf	3977,c	;volatile
   484                           
   485                           ;i2c_slave.c: 107:     _delay((unsigned long)((10)*(16000000/4000.0)));
   486  00007C  0E34               	movlw	52
   487  00007E  6E01               	movwf	??_I2C_Slave_Interrupt& (0+255),c
   488  000080  0EF2               	movlw	242
   489  000082                     i2u7_47:
   490  000082  2EE8               	decfsz	wreg,f,c
   491  000084  D7FE               	bra	i2u7_47
   492  000086  2E01               	decfsz	??_I2C_Slave_Interrupt& (0+255),f,c
   493  000088  D7FC               	bra	i2u7_47
   494                           
   495                           ;i2c_slave.c: 108:     LATA = 0x00;
   496  00008A  0E00               	movlw	0
   497  00008C  6E89               	movwf	3977,c	;volatile
   498  00008E  0012               	return		;funcret
   499  000090                     __end_of_I2C_Slave_Interrupt:
   500                           	opt callstack 0
   501                           
   502 ;; *************** function i2_I2C_Slave_Clear_Interrupt *****************
   503 ;; Defined at:
   504 ;;		line 98 in file "i2c_slave.c"
   505 ;; Parameters:    Size  Location     Type
   506 ;;		None
   507 ;; Auto vars:     Size  Location     Type
   508 ;;		None
   509 ;; Return value:  Size  Location     Type
   510 ;;                  1    wreg      void 
   511 ;; Registers used:
   512 ;;		status,2, status,0
   513 ;; Tracked objects:
   514 ;;		On entry : 0/0
   515 ;;		On exit  : 0/0
   516 ;;		Unchanged: 0/0
   517 ;; Data sizes:     COMRAM   BANK0   BANK1   BANK2   BANK3   BANK4   BANK5
   518 ;;      Params:         0       0       0       0       0       0       0
   519 ;;      Locals:         0       0       0       0       0       0       0
   520 ;;      Temps:          0       0       0       0       0       0       0
   521 ;;      Totals:         0       0       0       0       0       0       0
   522 ;;Total ram usage:        0 bytes
   523 ;; Hardware stack levels used:    1
   524 ;; This function calls:
   525 ;;		Nothing
   526 ;; This function is called by:
   527 ;;		_I2C_Slave_Interrupt
   528 ;; This function uses a non-reentrant model
   529 ;;
   530                           
   531                           	psect	text6
   532  0000AE                     __ptext6:
   533                           	opt callstack 0
   534  0000AE                     i2_I2C_Slave_Clear_Interrupt:
   535                           	opt callstack 26
   536                           
   537                           ;incstack = 0
   538  0000AE  969E               	bcf	3998,3,c	;volatile
   539  0000B0  0012               	return		;funcret
   540  0000B2                     __end_ofi2_I2C_Slave_Clear_Interrupt:
   541                           	opt callstack 0
   542  0000                     
   543                           	psect	rparam
   544  0000                     
   545                           	psect	temp
   546  000003                     btemp:
   547                           	opt callstack 0
   548  000003                     	ds	1
   549  0000                     int$flags	set	btemp
   550  0000                     wtemp8	set	btemp+1
   551  0000                     ttemp5	set	btemp+1
   552  0000                     ttemp6	set	btemp+4
   553  0000                     ttemp7	set	btemp+8
   554                           tosu	equ	0xFFF
   555                           tosh	equ	0xFFE
   556                           tosl	equ	0xFFD
   557                           stkptr	equ	0xFFC
   558                           pclatu	equ	0xFFB
   559                           pclath	equ	0xFFA
   560                           pcl	equ	0xFF9
   561                           tblptru	equ	0xFF8
   562                           tblptrh	equ	0xFF7
   563                           tblptrl	equ	0xFF6
   564                           tablat	equ	0xFF5
   565                           prodh	equ	0xFF4
   566                           prodl	equ	0xFF3
   567                           indf0	equ	0xFEF
   568                           postinc0	equ	0xFEE
   569                           postdec0	equ	0xFED
   570                           preinc0	equ	0xFEC
   571                           plusw0	equ	0xFEB
   572                           fsr0h	equ	0xFEA
   573                           fsr0l	equ	0xFE9
   574                           wreg	equ	0xFE8
   575                           indf1	equ	0xFE7
   576                           postinc1	equ	0xFE6
   577                           postdec1	equ	0xFE5
   578                           preinc1	equ	0xFE4
   579                           plusw1	equ	0xFE3
   580                           fsr1h	equ	0xFE2
   581                           fsr1l	equ	0xFE1
   582                           bsr	equ	0xFE0
   583                           indf2	equ	0xFDF
   584                           postinc2	equ	0xFDE
   585                           postdec2	equ	0xFDD
   586                           preinc2	equ	0xFDC
   587                           plusw2	equ	0xFDB
   588                           fsr2h	equ	0xFDA
   589                           fsr2l	equ	0xFD9
   590                           status	equ	0xFD8


Data Sizes:
    Strings     0
    Constant    0
    Data        0
    BSS         0
    Persistent  0
    Stack       0

Auto Spaces:
    Space          Size  Autos    Used
    COMRAM           94      3       3
    BANK0           160      0       0
    BANK1           256      0       0
    BANK2           256      0       0
    BANK3           256      0       0
    BANK4           256      0       0
    BANK5           256      0       0

Pointer List with Targets:

    None.

Critical Paths under _main in COMRAM

    None.

Critical Paths under _high_interrupt in COMRAM

    _high_interrupt->_I2C_Slave_Interrupt

Critical Paths under _main in BANK0

    None.

Critical Paths under _high_interrupt in BANK0

    None.

Critical Paths under _main in BANK1

    None.

Critical Paths under _high_interrupt in BANK1

    None.

Critical Paths under _main in BANK2

    None.

Critical Paths under _high_interrupt in BANK2

    None.

Critical Paths under _main in BANK3

    None.

Critical Paths under _high_interrupt in BANK3

    None.

Critical Paths under _main in BANK4

    None.

Critical Paths under _high_interrupt in BANK4

    None.

Critical Paths under _main in BANK5

    None.

Critical Paths under _high_interrupt in BANK5

    None.

Call Graph Tables:

 ---------------------------------------------------------------------------------
 (Depth) Function   	        Calls       Base Space   Used Autos Params    Refs
 ---------------------------------------------------------------------------------
 (0) _main                                                 2     2      0       0
                                              1 COMRAM     2     2      0
               _I2C_Slave_Initialize
 ---------------------------------------------------------------------------------
 (1) _I2C_Slave_Initialize                                 0     0      0       0
          _I2C_Slave_Clear_Interrupt
         _I2C_Slave_Interrupt_Enable
 ---------------------------------------------------------------------------------
 (2) _I2C_Slave_Interrupt_Enable                           0     0      0       0
 ---------------------------------------------------------------------------------
 (2) _I2C_Slave_Clear_Interrupt                            0     0      0       0
 ---------------------------------------------------------------------------------
 Estimated maximum stack depth 2
 ---------------------------------------------------------------------------------
 (Depth) Function   	        Calls       Base Space   Used Autos Params    Refs
 ---------------------------------------------------------------------------------
 (3) _high_interrupt                                       0     0      0       0
                _I2C_Slave_Interrupt
 ---------------------------------------------------------------------------------
 (4) _I2C_Slave_Interrupt                                  1     1      0       0
                                              0 COMRAM     1     1      0
        i2_I2C_Slave_Clear_Interrupt
 ---------------------------------------------------------------------------------
 (5) i2_I2C_Slave_Clear_Interrupt                          0     0      0       0
 ---------------------------------------------------------------------------------
 Estimated maximum stack depth 5
 ---------------------------------------------------------------------------------

 Call Graph Graphs:

 _main (ROOT)
   _I2C_Slave_Initialize
     _I2C_Slave_Clear_Interrupt
     _I2C_Slave_Interrupt_Enable

 _high_interrupt (ROOT)
   _I2C_Slave_Interrupt
     i2_I2C_Slave_Clear_Interrupt

 Address spaces:
Name               Size   Autos  Total    Cost      Usage
BITCOMRAM           5E      0       0       0        0.0%
EEDATA             100      0       0       0        0.0%
NULL                 0      0       0       0        0.0%
CODE                 0      0       0       0        0.0%
COMRAM              5E      3       3       1        3.2%
STACK                0      0       0       2        0.0%
BITBANK0            A0      0       0       3        0.0%
BANK0               A0      0       0       4        0.0%
BITBANK1           100      0       0       5        0.0%
BANK1              100      0       0       6        0.0%
BITBANK2           100      0       0       7        0.0%
BANK2              100      0       0       8        0.0%
ABS                  0      0       0       9        0.0%
BITBANK3           100      0       0      10        0.0%
BANK3              100      0       0      11        0.0%
BITBANK4           100      0       0      12        0.0%
BANK4              100      0       0      13        0.0%
BITBANK5           100      0       0      14        0.0%
BANK5              100      0       0      15        0.0%
BIGRAM             5FF      0       0      16        0.0%
DATA                 0      0       0      17        0.0%
BITSFR_1             0      0       0     200        0.0%
SFR_1                0      0       0     200        0.0%
BITSFR               0      0       0     200        0.0%
SFR                  0      0       0     200        0.0%


Microchip Technology PIC18 Macro Assembler V2.05 build -831301201 
Symbol Table                                                                                   Fri Apr 19 17:18:24 2019

                                  u67 006A                       ?_high_interrupt 0001  
                                 l855 0064                                   wreg 000FE8  
__size_ofi2_I2C_Slave_Clear_Interrupt 0004                   _I2C_Slave_Interrupt 0076  
                                _LATA 000F89                                  _LATC 000F8B  
                                _IPR1 000F9F                                  _PIE1 000F9D  
                                _PMD1 000F3E                                  _PIR1 000F9E  
                                _RCON 000FD0                                  _main 004E  
                                btemp 0003                                  start 0014  
                _I2C_Slave_Initialize 0018                          ___param_bank 000000  
                ?_I2C_Slave_Interrupt 0001                                 ?_main 0001  
                               _PORTA 000F80                                 _PORTC 000F82  
                               _TRISA 000F92                                 _TRISC 000F94  
                               ttemp5 0004                                 ttemp6 0007  
                               ttemp7 000B                                 wtemp8 0004  
               ?_I2C_Slave_Initialize 0001                       __initialization 00A0  
               ??_I2C_Slave_Interrupt 0001                          __end_of_main 0076  
                              ??_main 0002                         __activetblptr 000000  
                              _ANSELA 000F38                                _ANSELC 000F3A  
                      __CFG_WDTEN$OFF 000000                                _INTCON 000FF2  
                              i2u7_47 0082                            __accesstop 0060  
             __end_of__initialization 00A0                ??_I2C_Slave_Initialize 0002  
                       ___rparam_used 000001                      ??_high_interrupt 0002  
                      __pcstackCOMRAM 0001          ??_I2C_Slave_Interrupt_Enable 0002  
 __end_ofi2_I2C_Slave_Clear_Interrupt 00B2           i2_I2C_Slave_Clear_Interrupt 00AE  
 __size_of_I2C_Slave_Interrupt_Enable 0010                               _SSP1ADD 000FC8  
                             _SSP1BUF 000FC9                               _SSP1MSK 000FCA  
                             __Hparam 0000                               __Lparam 0000  
                             __pcinit 00A0                               __ramtop 0600  
                             __ptext0 004E                               __ptext1 0018  
                             __ptext2 0090                               __ptext3 00AA  
                             __ptext5 0076                               __ptext6 00AE  
                end_of_initialization 00A0           __end_of_I2C_Slave_Interrupt 0090  
                    __CFG_FOSC$INTIO7 000000    __end_of_I2C_Slave_Interrupt_Enable 00A0  
          _I2C_Slave_Interrupt_Enable 0090    __size_of_I2C_Slave_Clear_Interrupt 0004  
          ?_I2C_Slave_Clear_Interrupt 0001                   start_initialization 00A0  
   __end_of_I2C_Slave_Clear_Interrupt 00AE         __size_of_I2C_Slave_Initialize 0036  
                           __pintcode 0008               __size_of_high_interrupt 000C  
                            _PIE1bits 000F9D                              _PIR1bits 000F9E  
                    __CFG_WDTPS$32768 000000                              _SSP1CON1 000FC6  
                            _SSP1CON2 000FC5                              _SSP1CON3 000FCB  
                            _SSP1STAT 000FC7           ?_I2C_Slave_Interrupt_Enable 0001  
         ??_I2C_Slave_Clear_Interrupt 0002                              __Hrparam 0000  
                            __Lrparam 0000          __size_of_I2C_Slave_Interrupt 001A  
                       __size_of_main 0028          ?i2_I2C_Slave_Clear_Interrupt 0001  
           _I2C_Slave_Clear_Interrupt 00AA                              int$flags 0003  
                      _high_interrupt 0008          __end_of_I2C_Slave_Initialize 004E  
                            intlevel2 0000         ??i2_I2C_Slave_Clear_Interrupt 0001  
              __end_of_high_interrupt 0014  
